<?xml version="1.0" encoding="UTF-8"?>
<testsuite name="NetDevops.BuenSabor.BuenSaborApplicationTests" tests="1" skipped="0" failures="0" errors="0" timestamp="2024-06-26T23:14:50" hostname="MAXI" time="0.478">
  <properties/>
  <testcase name="contextLoads()" classname="NetDevops.BuenSabor.BuenSaborApplicationTests" time="0.478"/>
  <system-out><![CDATA[20:14:37.069 [Test worker] INFO org.springframework.test.context.support.AnnotationConfigContextLoaderUtils -- Could not detect default configuration classes for test class [NetDevops.BuenSabor.BuenSaborApplicationTests]: BuenSaborApplicationTests does not declare any static, non-private, non-final, nested classes annotated with @Configuration.
20:14:37.174 [Test worker] INFO org.springframework.boot.test.context.SpringBootTestContextBootstrapper -- Found @SpringBootConfiguration NetDevops.BuenSabor.BuenSaborApplication for test class NetDevops.BuenSabor.BuenSaborApplicationTests

  .   ____          _            __ _ _
 /\\ / ___'_ __ _ _(_)_ __  __ _ \ \ \ \
( ( )\___ | '_ | '_| | '_ \/ _` | \ \ \ \
 \\/  ___)| |_)| | | | | || (_| |  ) ) ) )
  '  |____| .__|_| |_|_| |_\__, | / / / /
 =========|_|==============|___/=/_/_/_/
 :: Spring Boot ::                (v3.2.5)

2024-06-26T20:14:37.558-03:00  INFO 20340 --- [Buen-Sabor] [    Test worker] N.BuenSabor.BuenSaborApplicationTests    : Starting BuenSaborApplicationTests using Java 20.0.2 with PID 20340 (started by gomez in C:\Users\gomez\OneDrive\Escritorio\Buen-Sabor_Back_Final)
2024-06-26T20:14:37.559-03:00  INFO 20340 --- [Buen-Sabor] [    Test worker] N.BuenSabor.BuenSaborApplicationTests    : No active profile set, falling back to 1 default profile: "default"
2024-06-26T20:14:38.929-03:00  INFO 20340 --- [Buen-Sabor] [    Test worker] .s.d.r.c.RepositoryConfigurationDelegate : Bootstrapping Spring Data JPA repositories in DEFAULT mode.
2024-06-26T20:14:39.132-03:00  INFO 20340 --- [Buen-Sabor] [    Test worker] .s.d.r.c.RepositoryConfigurationDelegate : Finished Spring Data repository scanning in 189 ms. Found 24 JPA repository interfaces.
2024-06-26T20:14:39.902-03:00  INFO 20340 --- [Buen-Sabor] [    Test worker] o.hibernate.jpa.internal.util.LogHelper  : HHH000204: Processing PersistenceUnitInfo [name: default]
2024-06-26T20:14:39.978-03:00  INFO 20340 --- [Buen-Sabor] [    Test worker] org.hibernate.Version                    : HHH000412: Hibernate ORM core version 6.4.4.Final
2024-06-26T20:14:40.028-03:00  INFO 20340 --- [Buen-Sabor] [    Test worker] o.h.c.internal.RegionFactoryInitiator    : HHH000026: Second-level cache disabled
2024-06-26T20:14:40.315-03:00  INFO 20340 --- [Buen-Sabor] [    Test worker] o.s.o.j.p.SpringPersistenceUnitInfo      : No LoadTimeWeaver setup: ignoring JPA class transformer
2024-06-26T20:14:40.342-03:00  INFO 20340 --- [Buen-Sabor] [    Test worker] com.zaxxer.hikari.HikariDataSource       : HikariPool-1 - Starting...
2024-06-26T20:14:41.330-03:00  INFO 20340 --- [Buen-Sabor] [    Test worker] com.zaxxer.hikari.pool.HikariPool        : HikariPool-1 - Added connection org.postgresql.jdbc.PgConnection@6b030101
2024-06-26T20:14:41.332-03:00  INFO 20340 --- [Buen-Sabor] [    Test worker] com.zaxxer.hikari.HikariDataSource       : HikariPool-1 - Start completed.
2024-06-26T20:14:41.440-03:00  WARN 20340 --- [Buen-Sabor] [    Test worker] org.hibernate.orm.deprecation            : HHH90000025: PostgreSQLDialect does not need to be specified explicitly using 'hibernate.dialect' (remove the property setting and it will be selected by default)
2024-06-26T20:14:42.797-03:00  INFO 20340 --- [Buen-Sabor] [    Test worker] o.h.e.t.j.p.i.JtaPlatformInitiator       : HHH000489: No JTA platform available (set 'hibernate.transaction.jta.platform' to enable JTA platform integration)
2024-06-26T20:14:48.972-03:00  INFO 20340 --- [Buen-Sabor] [    Test worker] j.LocalContainerEntityManagerFactoryBean : Initialized JPA EntityManagerFactory for persistence unit 'default'
2024-06-26T20:14:49.464-03:00  INFO 20340 --- [Buen-Sabor] [    Test worker] o.s.d.j.r.query.QueryEnhancerFactory     : Hibernate is in classpath; If applicable, HQL parser will be used.
2024-06-26T20:14:50.263-03:00  WARN 20340 --- [Buen-Sabor] [    Test worker] JpaBaseConfiguration$JpaWebConfiguration : spring.jpa.open-in-view is enabled by default. Therefore, database queries may be performed during view rendering. Explicitly configure spring.jpa.open-in-view to disable this warning
2024-06-26T20:14:50.748-03:00  INFO 20340 --- [Buen-Sabor] [    Test worker] N.BuenSabor.BuenSaborApplicationTests    : Started BuenSaborApplicationTests in 13.42 seconds (process running for 14.546)
]]></system-out>
  <system-err><![CDATA[]]></system-err>
</testsuite>
